app/build/outputs/logs/manifest-merger-debug-report.txt
-- Merging decision tree log ---
manifest
ADDED from src/main/AndroidManifest.xml:2:1-117:12
	package
		ADDED from src/main/AndroidManifest.xml:4:5-36
		INJECTED from src/main/AndroidManifest.xml
		INJECTED from src/main/AndroidManifest.xml
	android:versionName
		INJECTED from src/main/AndroidManifest.xml
		INJECTED from src/main/AndroidManifest.xml
	xmlns:tools
		ADDED from src/main/AndroidManifest.xml:3:5-51
	xmlns:android
		ADDED from src/main/AndroidManifest.xml:2:11-69
	android:versionCode
		INJECTED from src/main/AndroidManifest.xml
		INJECTED from src/main/AndroidManifest.xml
uses-permission#android.permission.WRITE_EXTERNAL_STORAGE
ADDED from src/main/AndroidManifest.xml:6:5-80
	android:name
		ADDED from src/main/AndroidManifest.xml:6:22-78
application
ADDED from src/main/AndroidManifest.xml:8:5-115:19
MERGED from [com.android.support:design:25.1.0] AndroidManifest.xml:25:5-20
MERGED from [com.android.support:appcompat-v7:25.1.0] AndroidManifest.xml:25:5-20
MERGED from [com.android.support:animated-vector-drawable:25.1.0] AndroidManifest.xml:22:5-20
MERGED from [com.android.support:support-vector-drawable:25.1.0] AndroidManifest.xml:23:5-20
MERGED from [com.android.support:transition:25.1.0] AndroidManifest.xml:22:5-20
MERGED from [com.android.support:support-v4:25.1.0] AndroidManifest.xml:25:5-20
MERGED from [com.android.support:support-fragment:25.1.0] AndroidManifest.xml:25:5-20
MERGED from [com.android.support:support-media-compat:25.1.0] AndroidManifest.xml:25:5-20
MERGED from [com.android.support:support-core-ui:25.1.0] AndroidManifest.xml:25:5-20
MERGED from [com.android.support:support-core-utils:25.1.0] AndroidManifest.xml:25:5-20
MERGED from [com.android.support:support-compat:25.1.0] AndroidManifest.xml:25:5-20
	android:label
		ADDED from src/main/AndroidManifest.xml:11:9-41
	android:supportsRtl
		ADDED from src/main/AndroidManifest.xml:12:9-36
	android:hardwareAccelerated
		ADDED from src/main/AndroidManifest.xml:15:9-44
	android:fullBackupContent
		ADDED from src/main/AndroidManifest.xml:13:9-41
	tools:ignore
		ADDED from src/main/AndroidManifest.xml:17:9-48
	android:allowBackup
		ADDED from src/main/AndroidManifest.xml:9:9-35
	android:icon
		ADDED from src/main/AndroidManifest.xml:10:9-43
	android:largeHeap
		ADDED from src/main/AndroidManifest.xml:14:9-33
	android:theme
		ADDED from src/main/AndroidManifest.xml:16:9-40
activity#file_manager.Activity_files
ADDED from src/main/AndroidManifest.xml:19:9-26:20
	android:theme
		ADDED from src/main/AndroidManifest.xml:21:13-56
	android:name
		ADDED from src/main/AndroidManifest.xml:20:13-55
intent-filter#android.intent.action.MAIN+android.intent.category.LAUNCHER
ADDED from src/main/AndroidManifest.xml:22:13-25:29
action#android.intent.action.MAIN
ADDED from src/main/AndroidManifest.xml:23:17-68
	android:name
		ADDED from src/main/AndroidManifest.xml:23:25-66
category#android.intent.category.LAUNCHER
ADDED from src/main/AndroidManifest.xml:24:17-76
	android:name
		ADDED from src/main/AndroidManifest.xml:24:27-74
activity#com.artifex.mupdfdemo.ChoosePDFActivity
ADDED from src/main/AndroidManifest.xml:28:9-32:20
	android:label
		ADDED from src/main/AndroidManifest.xml:31:13-45
	android:theme
		ADDED from src/main/AndroidManifest.xml:30:13-44
	android:name
		ADDED from src/main/AndroidManifest.xml:29:13-67
activity#com.artifex.mupdfdemo.MuPDFActivity
ADDED from src/main/AndroidManifest.xml:34:9-97:20
	android:screenOrientation
		ADDED from src/main/AndroidManifest.xml:37:13-47
	android:label
		ADDED from src/main/AndroidManifest.xml:38:13-45
	android:theme
		ADDED from src/main/AndroidManifest.xml:36:13-44
	android:name
		ADDED from src/main/AndroidManifest.xml:35:13-63
intent-filter#android.intent.action.VIEW+android.intent.category.DEFAULT
ADDED from src/main/AndroidManifest.xml:40:13-45:29
action#android.intent.action.VIEW
ADDED from src/main/AndroidManifest.xml:41:17-68
	android:name
		ADDED from src/main/AndroidManifest.xml:41:25-66
category#android.intent.category.DEFAULT
ADDED from src/main/AndroidManifest.xml:42:17-75
	android:name
		ADDED from src/main/AndroidManifest.xml:42:27-73
data
ADDED from src/main/AndroidManifest.xml:43:17-74
	android:mimeType
		ADDED from src/main/AndroidManifest.xml:43:23-72
intent-filter#android.intent.action.VIEW+android.intent.category.BROWSABLE+android.intent.category.DEFAULT
ADDED from src/main/AndroidManifest.xml:61:13-69:29
category#android.intent.category.BROWSABLE
ADDED from src/main/AndroidManifest.xml:64:17-77
	android:name
		ADDED from src/main/AndroidManifest.xml:64:27-75
activity#com.artifex.mupdfdemo.OutlineActivity
ADDED from src/main/AndroidManifest.xml:99:9-103:20
	android:label
		ADDED from src/main/AndroidManifest.xml:102:13-50
	android:theme
		ADDED from src/main/AndroidManifest.xml:101:13-71
	android:name
		ADDED from src/main/AndroidManifest.xml:100:13-65
provider#android.support.v4.content.FileProvider
ADDED from src/main/AndroidManifest.xml:105:9-113:20
	android:authorities
		ADDED from src/main/AndroidManifest.xml:107:13-73
	android:grantUriPermissions
		ADDED from src/main/AndroidManifest.xml:109:13-47
	android:exported
		ADDED from src/main/AndroidManifest.xml:108:13-37
	android:name
		ADDED from src/main/AndroidManifest.xml:106:13-67
meta-data#android.support.FILE_PROVIDER_PATHS
ADDED from src/main/AndroidManifest.xml:110:13-112:53
	android:resource
		ADDED from src/main/AndroidManifest.xml:112:17-51
	android:name
		ADDED from src/main/AndroidManifest.xml:111:17-67
uses-sdk
INJECTED from src/main/AndroidManifest.xml reason: use-sdk injection requested
MERGED from [com.android.support:design:25.1.0] AndroidManifest.xml:21:5-23:62
MERGED from [com.android.support:appcompat-v7:25.1.0] AndroidManifest.xml:21:5-23:78
MERGED from [com.android.support:animated-vector-drawable:25.1.0] AndroidManifest.xml:20:5-44
MERGED from [com.android.support:support-vector-drawable:25.1.0] AndroidManifest.xml:21:5-43
MERGED from [com.android.support:recyclerview-v7:25.1.0] AndroidManifest.xml:20:5-43
MERGED from [com.android.support:transition:25.1.0] AndroidManifest.xml:20:5-44
MERGED from [com.android.support:support-v4:25.1.0] AndroidManifest.xml:21:5-23:54
MERGED from [com.android.support:support-fragment:25.1.0] AndroidManifest.xml:21:5-23:60
MERGED from [com.android.support:support-media-compat:25.1.0] AndroidManifest.xml:21:5-23:63
MERGED from [com.android.support:support-core-ui:25.1.0] AndroidManifest.xml:21:5-23:58
MERGED from [com.android.support:support-core-utils:25.1.0] AndroidManifest.xml:21:5-23:61
MERGED from [com.android.support:support-compat:25.1.0] AndroidManifest.xml:21:5-23:58
	tools:overrideLibrary
		ADDED from [com.android.support:design:25.1.0] AndroidManifest.xml:23:9-59
	android:targetSdkVersion
		INJECTED from src/main/AndroidManifest.xml
		INJECTED from src/main/AndroidManifest.xml
	android:minSdkVersion
		INJECTED from src/main/AndroidManifest.xml
		INJECTED from src/main/AndroidManifest.xml